0 info it worked if it ends with ok
1 verbose cli [ '/Users/ajaxtown/.nvm/versions/node/v6.9.1/bin/node',
1 verbose cli   '/Users/ajaxtown/.nvm/versions/node/v6.9.1/bin/npm',
1 verbose cli   'run',
1 verbose cli   'dev' ]
2 info using npm@3.10.8
3 info using node@v6.9.1
4 verbose run-script [ 'predev', 'dev', 'postdev' ]
5 info lifecycle Linkcast@10.0.2~predev: Linkcast@10.0.2
6 silly lifecycle Linkcast@10.0.2~predev: no script for predev, continuing
7 info lifecycle Linkcast@10.0.2~dev: Linkcast@10.0.2
8 verbose lifecycle Linkcast@10.0.2~dev: unsafe-perm in lifecycle true
9 verbose lifecycle Linkcast@10.0.2~dev: PATH: /Users/ajaxtown/.nvm/versions/node/v6.9.1/lib/node_modules/npm/bin/node-gyp-bin:/Users/ajaxtown/Sites/localhost/linkcast/node_modules/.bin:/Users/ajaxtown/.nvm/versions/node/v6.9.1/bin:/usr/local/mysql/bin:/usr/local/bin:/usr/bin:/bin:/usr/sbin:/sbin:/usr/local/git/bin:/usr/local/opt/php56/bin/php
10 verbose lifecycle Linkcast@10.0.2~dev: CWD: /Users/ajaxtown/Sites/localhost/linkcast
11 silly lifecycle Linkcast@10.0.2~dev: Args: [ '-c',
11 silly lifecycle   'NODE_ENV=dev webpack-dev-server --progress --colors --config webpack/dev.js' ]
12 silly lifecycle Linkcast@10.0.2~dev: Returned: code: 1  signal: null
13 info lifecycle Linkcast@10.0.2~dev: Failed to exec dev script
14 verbose stack Error: Linkcast@10.0.2 dev: `NODE_ENV=dev webpack-dev-server --progress --colors --config webpack/dev.js`
14 verbose stack Exit status 1
14 verbose stack     at EventEmitter.<anonymous> (/Users/ajaxtown/.nvm/versions/node/v6.9.1/lib/node_modules/npm/lib/utils/lifecycle.js:255:16)
14 verbose stack     at emitTwo (events.js:106:13)
14 verbose stack     at EventEmitter.emit (events.js:191:7)
14 verbose stack     at ChildProcess.<anonymous> (/Users/ajaxtown/.nvm/versions/node/v6.9.1/lib/node_modules/npm/lib/utils/spawn.js:40:14)
14 verbose stack     at emitTwo (events.js:106:13)
14 verbose stack     at ChildProcess.emit (events.js:191:7)
14 verbose stack     at maybeClose (internal/child_process.js:877:16)
14 verbose stack     at Process.ChildProcess._handle.onexit (internal/child_process.js:226:5)
15 verbose pkgid Linkcast@10.0.2
16 verbose cwd /Users/ajaxtown/Sites/localhost/linkcast
17 error Darwin 16.7.0
18 error argv "/Users/ajaxtown/.nvm/versions/node/v6.9.1/bin/node" "/Users/ajaxtown/.nvm/versions/node/v6.9.1/bin/npm" "run" "dev"
19 error node v6.9.1
20 error npm  v3.10.8
21 error code ELIFECYCLE
22 error Linkcast@10.0.2 dev: `NODE_ENV=dev webpack-dev-server --progress --colors --config webpack/dev.js`
22 error Exit status 1
23 error Failed at the Linkcast@10.0.2 dev script 'NODE_ENV=dev webpack-dev-server --progress --colors --config webpack/dev.js'.
23 error Make sure you have the latest version of node.js and npm installed.
23 error If you do, this is most likely a problem with the Linkcast package,
23 error not with npm itself.
23 error Tell the author that this fails on your system:
23 error     NODE_ENV=dev webpack-dev-server --progress --colors --config webpack/dev.js
23 error You can get information on how to open an issue for this project with:
23 error     npm bugs Linkcast
23 error Or if that isn't available, you can get their info via:
23 error     npm owner ls Linkcast
23 error There is likely additional logging output above.
24 verbose exit [ 1, true ]
